0 info it worked if it ends with ok
1 verbose cli [
1 verbose cli   'C:\\Program Files\\nodejs\\node.exe',
1 verbose cli   'C:\\Users\\Bjorn\\OneDrive\\Noroff\\Frontend development second year\\Workflow\\CA\\social-media-client\\node_modules\\npm\\bin\\npm-cli.js',
1 verbose cli   'run',
1 verbose cli   'test-unit'
1 verbose cli ]
2 info using npm@2.15.12
3 info using node@v20.11.0
4 verbose run-script [ 'pretest-unit', 'test-unit', 'posttest-unit' ]
5 info pretest-unit workflow-ca@0.0.4
6 info test-unit workflow-ca@0.0.4
7 verbose unsafe-perm in lifecycle true
8 info workflow-ca@0.0.4 Failed to exec test-unit script
9 verbose stack Error: workflow-ca@0.0.4 test-unit: `jest`
9 verbose stack Exit status 1
9 verbose stack     at EventEmitter.<anonymous> (C:\Users\Bjorn\OneDrive\Noroff\Frontend development second year\Workflow\CA\social-media-client\node_modules\npm\lib\utils\lifecycle.js:217:16)
9 verbose stack     at EventEmitter.emit (node:events:518:28)
9 verbose stack     at ChildProcess.<anonymous> (C:\Users\Bjorn\OneDrive\Noroff\Frontend development second year\Workflow\CA\social-media-client\node_modules\npm\lib\utils\spawn.js:24:14)
9 verbose stack     at ChildProcess.emit (node:events:518:28)
9 verbose stack     at maybeClose (node:internal/child_process:1105:16)
9 verbose stack     at ChildProcess._handle.onexit (node:internal/child_process:305:5)
10 verbose pkgid workflow-ca@0.0.4
11 verbose cwd C:\Users\Bjorn\OneDrive\Noroff\Frontend development second year\Workflow\CA\social-media-client
12 error Windows_NT 10.0.22000
13 error argv "C:\\Program Files\\nodejs\\node.exe" "C:\\Users\\Bjorn\\OneDrive\\Noroff\\Frontend development second year\\Workflow\\CA\\social-media-client\\node_modules\\npm\\bin\\npm-cli.js" "run" "test-unit"
14 error node v20.11.0
15 error npm  v2.15.12
16 error code ELIFECYCLE
17 error workflow-ca@0.0.4 test-unit: `jest`
17 error Exit status 1
18 error Failed at the workflow-ca@0.0.4 test-unit script 'jest'.
18 error This is most likely a problem with the workflow-ca package,
18 error not with npm itself.
18 error Tell the author that this fails on your system:
18 error     jest
18 error You can get information on how to open an issue for this project with:
18 error     npm bugs workflow-ca
18 error Or if that isn't available, you can get their info via:
18 error
18 error     npm owner ls workflow-ca
18 error There is likely additional logging output above.
19 verbose exit [ 1, true ]
